<?xml version="1.0" encoding="UTF-8"?>
<!-- Generated by org.testng.reporters.JUnitReportReporter -->
<testsuite skipped="0" hostname="suryas-mini-mac.attlocal.net" name="testplans.CreateAPITestPlan" tests="4" failures="0" timestamp="01 Apr 2019 22:27:23 GMT" time="2.930" errors="1">
  <testcase name="createTestPlan" time="0.289" classname="testplans.CreateAPITestPlan"/>
  <testcase name="createTestPlan" time="0.151" classname="testplans.CreateAPITestPlan"/>
  <testcase name="createTestPlan" time="2.195" classname="testplans.CreateAPITestPlan"/>
  <testcase name="createTestPlan" time="0.295" classname="testplans.CreateAPITestPlan">
    <error type="org.json.JSONException" message="JSONObject[&quot;reason&quot;] not found.">
      <![CDATA[org.json.JSONException: JSONObject["reason"] not found.
at org.json.JSONObject.get(JSONObject.java:566)
at utils.Validator.lambda$0(Validator.java:22)
at utils.Validator$$Lambda$1/615480022.accept(Unknown Source)
at java.util.HashMap$KeySet.forEach(HashMap.java:928)
at utils.Validator.validate(Validator.java:21)
at testplans.CreateAPITestPlan.createTestPlan(CreateAPITestPlan.java:31)
at sun.reflect.NativeMethodAccessorImpl.invoke0(Native Method)
at sun.reflect.NativeMethodAccessorImpl.invoke(NativeMethodAccessorImpl.java:62)
at sun.reflect.DelegatingMethodAccessorImpl.invoke(DelegatingMethodAccessorImpl.java:43)
at java.lang.reflect.Method.invoke(Method.java:483)
at org.testng.internal.MethodInvocationHelper.invokeMethod(MethodInvocationHelper.java:124)
at org.testng.internal.Invoker.invokeMethod(Invoker.java:583)
at org.testng.internal.Invoker.invokeTestMethod(Invoker.java:719)
at org.testng.internal.Invoker.invokeTestMethods(Invoker.java:989)
at org.testng.internal.TestMethodWorker.invokeTestMethods(TestMethodWorker.java:125)
at org.testng.internal.TestMethodWorker.run(TestMethodWorker.java:109)
at java.util.concurrent.ThreadPoolExecutor.runWorker(ThreadPoolExecutor.java:1142)
at java.util.concurrent.ThreadPoolExecutor$Worker.run(ThreadPoolExecutor.java:617)
at java.lang.Thread.run(Thread.java:745)
]]>
    </error>
  </testcase> <!-- createTestPlan -->
</testsuite> <!-- testplans.CreateAPITestPlan -->
